2023-12-12 12:11:25 LogWrapper init() ./logs/GBP_USD.log
2023-12-12 12:11:25 {'n_ma': 12, 'n_std': 2.5, 'maxspread': 0.0004, 'mingain': 0.0014, 'riskreward': 1.5}
2023-12-12 12:11:26 CandleManager() init last_candle:last candle: 23-12-12 10:10 is ready:False
2023-12-12 12:12:09 CandleManger() new candle:last candle: 23-12-12 10:11 is ready:True
2023-12-12 12:12:10 tech_manager: max_rows:32 candle_time:2023-12-12 10:11:00+00:00 granularity:M1 pair_name:GBP_USD
2023-12-12 12:12:10 process_candles:
       PAIR                      time    mid_c    mid_o   SL   TP   SPREAD      GAIN     LOSS  SIGNAL
26  GBP_USD 2023-12-12 10:07:00+00:00  1.25672  1.25662  0.0  0.0  0.00018  0.000203  1.25672       0
27  GBP_USD 2023-12-12 10:08:00+00:00  1.25694  1.25672  0.0  0.0  0.00017  0.000399  1.25694       0
28  GBP_USD 2023-12-12 10:09:00+00:00  1.25712  1.25692  0.0  0.0  0.00017  0.000528  1.25712       0
29  GBP_USD 2023-12-12 10:10:00+00:00  1.25704  1.25706  0.0  0.0  0.00020  0.000403  1.25704       0
30  GBP_USD 2023-12-12 10:11:00+00:00  1.25704  1.25703  0.0  0.0  0.00019  0.000365  1.25704       0
2023-12-12 12:13:04 CandleManger() new candle:last candle: 23-12-12 10:12 is ready:True
2023-12-12 12:13:05 tech_manager: max_rows:32 candle_time:2023-12-12 10:12:00+00:00 granularity:M1 pair_name:GBP_USD
2023-12-12 12:13:05 process_candles:
       PAIR                      time    mid_c    mid_o   SL   TP   SPREAD      GAIN     LOSS  SIGNAL
26  GBP_USD 2023-12-12 10:08:00+00:00  1.25694  1.25672  0.0  0.0  0.00017  0.000399  1.25694       0
27  GBP_USD 2023-12-12 10:09:00+00:00  1.25712  1.25692  0.0  0.0  0.00017  0.000528  1.25712       0
28  GBP_USD 2023-12-12 10:10:00+00:00  1.25704  1.25706  0.0  0.0  0.00020  0.000403  1.25704       0
29  GBP_USD 2023-12-12 10:11:00+00:00  1.25704  1.25703  0.0  0.0  0.00019  0.000365  1.25704       0
30  GBP_USD 2023-12-12 10:12:00+00:00  1.25724  1.25710  0.0  0.0  0.00020  0.000503  1.25724       0
2023-12-12 12:14:10 CandleManger() new candle:last candle: 23-12-12 10:13 is ready:True
2023-12-12 12:14:10 tech_manager: max_rows:32 candle_time:2023-12-12 10:13:00+00:00 granularity:M1 pair_name:GBP_USD
2023-12-12 12:14:10 process_candles:
       PAIR                      time    mid_c    mid_o   SL   TP   SPREAD      GAIN     LOSS  SIGNAL
26  GBP_USD 2023-12-12 10:09:00+00:00  1.25712  1.25692  0.0  0.0  0.00017  0.000528  1.25712       0
27  GBP_USD 2023-12-12 10:10:00+00:00  1.25704  1.25706  0.0  0.0  0.00020  0.000403  1.25704       0
28  GBP_USD 2023-12-12 10:11:00+00:00  1.25704  1.25703  0.0  0.0  0.00019  0.000365  1.25704       0
29  GBP_USD 2023-12-12 10:12:00+00:00  1.25724  1.25710  0.0  0.0  0.00020  0.000503  1.25724       0
30  GBP_USD 2023-12-12 10:13:00+00:00  1.25744  1.25716  0.0  0.0  0.00016  0.000633  1.25744       0
2023-12-12 12:15:05 CandleManger() new candle:last candle: 23-12-12 10:14 is ready:True
2023-12-12 12:15:05 tech_manager: max_rows:32 candle_time:2023-12-12 10:14:00+00:00 granularity:M1 pair_name:GBP_USD
2023-12-12 12:15:05 process_candles:
       PAIR                      time    mid_c    mid_o   SL   TP   SPREAD      GAIN     LOSS  SIGNAL
26  GBP_USD 2023-12-12 10:10:00+00:00  1.25704  1.25706  0.0  0.0  0.00020  0.000403  1.25704       0
27  GBP_USD 2023-12-12 10:11:00+00:00  1.25704  1.25703  0.0  0.0  0.00019  0.000365  1.25704       0
28  GBP_USD 2023-12-12 10:12:00+00:00  1.25724  1.25710  0.0  0.0  0.00020  0.000503  1.25724       0
29  GBP_USD 2023-12-12 10:13:00+00:00  1.25744  1.25716  0.0  0.0  0.00016  0.000633  1.25744       0
30  GBP_USD 2023-12-12 10:14:00+00:00  1.25714  1.25746  0.0  0.0  0.00021  0.000265  1.25714       0
2023-12-12 12:16:10 CandleManger() new candle:last candle: 23-12-12 10:15 is ready:True
2023-12-12 12:16:11 tech_manager: max_rows:32 candle_time:2023-12-12 10:15:00+00:00 granularity:M1 pair_name:GBP_USD
2023-12-12 12:16:11 process_candles:
       PAIR                      time    mid_c    mid_o   SL   TP   SPREAD      GAIN     LOSS  SIGNAL
26  GBP_USD 2023-12-12 10:11:00+00:00  1.25704  1.25703  0.0  0.0  0.00019  0.000365  1.25704       0
27  GBP_USD 2023-12-12 10:12:00+00:00  1.25724  1.25710  0.0  0.0  0.00020  0.000503  1.25724       0
28  GBP_USD 2023-12-12 10:13:00+00:00  1.25744  1.25716  0.0  0.0  0.00016  0.000633  1.25744       0
29  GBP_USD 2023-12-12 10:14:00+00:00  1.25714  1.25746  0.0  0.0  0.00021  0.000265  1.25714       0
30  GBP_USD 2023-12-12 10:15:00+00:00  1.25691  1.25714  0.0  0.0  0.00018  0.000014  1.25691       0
2023-12-12 12:17:05 CandleManger() new candle:last candle: 23-12-12 10:16 is ready:True
2023-12-12 12:17:06 tech_manager: max_rows:32 candle_time:2023-12-12 10:16:00+00:00 granularity:M1 pair_name:GBP_USD
2023-12-12 12:17:06 process_candles:
       PAIR                      time    mid_c    mid_o   SL   TP   SPREAD      GAIN     LOSS  SIGNAL
26  GBP_USD 2023-12-12 10:12:00+00:00  1.25724  1.25710  0.0  0.0  0.00020  0.000503  1.25724       0
27  GBP_USD 2023-12-12 10:13:00+00:00  1.25744  1.25716  0.0  0.0  0.00016  0.000633  1.25744       0
28  GBP_USD 2023-12-12 10:14:00+00:00  1.25714  1.25746  0.0  0.0  0.00021  0.000265  1.25714       0
29  GBP_USD 2023-12-12 10:15:00+00:00  1.25691  1.25714  0.0  0.0  0.00018  0.000014  1.25691       0
30  GBP_USD 2023-12-12 10:16:00+00:00  1.25684  1.25692  0.0  0.0  0.00016  0.000115  1.25684       0
2023-12-12 12:18:11 CandleManger() new candle:last candle: 23-12-12 10:17 is ready:True
2023-12-12 12:18:12 tech_manager: max_rows:32 candle_time:2023-12-12 10:17:00+00:00 granularity:M1 pair_name:GBP_USD
2023-12-12 12:18:12 process_candles:
       PAIR                      time    mid_c    mid_o   SL   TP   SPREAD      GAIN     LOSS  SIGNAL
26  GBP_USD 2023-12-12 10:13:00+00:00  1.25744  1.25716  0.0  0.0  0.00016  0.000633  1.25744       0
27  GBP_USD 2023-12-12 10:14:00+00:00  1.25714  1.25746  0.0  0.0  0.00021  0.000265  1.25714       0
28  GBP_USD 2023-12-12 10:15:00+00:00  1.25691  1.25714  0.0  0.0  0.00018  0.000014  1.25691       0
29  GBP_USD 2023-12-12 10:16:00+00:00  1.25684  1.25692  0.0  0.0  0.00016  0.000115  1.25684       0
30  GBP_USD 2023-12-12 10:17:00+00:00  1.25700  1.25684  0.0  0.0  0.00015  0.000015  1.25700       0
2023-12-12 12:19:05 CandleManger() new candle:last candle: 23-12-12 10:18 is ready:True
2023-12-12 12:19:06 tech_manager: max_rows:32 candle_time:2023-12-12 10:18:00+00:00 granularity:M1 pair_name:GBP_USD
2023-12-12 12:19:06 process_candles:
       PAIR                      time    mid_c    mid_o   SL   TP   SPREAD      GAIN     LOSS  SIGNAL
26  GBP_USD 2023-12-12 10:14:00+00:00  1.25714  1.25746  0.0  0.0  0.00021  0.000265  1.25714       0
27  GBP_USD 2023-12-12 10:15:00+00:00  1.25691  1.25714  0.0  0.0  0.00018  0.000014  1.25691       0
28  GBP_USD 2023-12-12 10:16:00+00:00  1.25684  1.25692  0.0  0.0  0.00016  0.000115  1.25684       0
29  GBP_USD 2023-12-12 10:17:00+00:00  1.25700  1.25684  0.0  0.0  0.00015  0.000015  1.25700       0
30  GBP_USD 2023-12-12 10:18:00+00:00  1.25692  1.25695  0.0  0.0  0.00018  0.000093  1.25692       0
2023-12-12 12:20:11 CandleManger() new candle:last candle: 23-12-12 10:19 is ready:True
2023-12-12 12:20:12 tech_manager: max_rows:32 candle_time:2023-12-12 10:19:00+00:00 granularity:M1 pair_name:GBP_USD
2023-12-12 12:20:12 process_candles:
       PAIR                      time    mid_c    mid_o   SL   TP   SPREAD      GAIN     LOSS  SIGNAL
26  GBP_USD 2023-12-12 10:15:00+00:00  1.25691  1.25714  0.0  0.0  0.00018  0.000014  1.25691       0
27  GBP_USD 2023-12-12 10:16:00+00:00  1.25684  1.25692  0.0  0.0  0.00016  0.000115  1.25684       0
28  GBP_USD 2023-12-12 10:17:00+00:00  1.25700  1.25684  0.0  0.0  0.00015  0.000015  1.25700       0
29  GBP_USD 2023-12-12 10:18:00+00:00  1.25692  1.25695  0.0  0.0  0.00018  0.000093  1.25692       0
30  GBP_USD 2023-12-12 10:19:00+00:00  1.25698  1.25692  0.0  0.0  0.00015  0.000055  1.25698       0
2023-12-12 12:21:06 CandleManger() new candle:last candle: 23-12-12 10:20 is ready:True
2023-12-12 12:21:07 tech_manager: max_rows:32 candle_time:2023-12-12 10:20:00+00:00 granularity:M1 pair_name:GBP_USD
2023-12-12 12:21:07 process_candles:
       PAIR                      time    mid_c    mid_o   SL   TP   SPREAD      GAIN     LOSS  SIGNAL
26  GBP_USD 2023-12-12 10:16:00+00:00  1.25684  1.25692  0.0  0.0  0.00016  0.000115  1.25684       0
27  GBP_USD 2023-12-12 10:17:00+00:00  1.25700  1.25684  0.0  0.0  0.00015  0.000015  1.25700       0
28  GBP_USD 2023-12-12 10:18:00+00:00  1.25692  1.25695  0.0  0.0  0.00018  0.000093  1.25692       0
29  GBP_USD 2023-12-12 10:19:00+00:00  1.25698  1.25692  0.0  0.0  0.00015  0.000055  1.25698       0
30  GBP_USD 2023-12-12 10:20:00+00:00  1.25696  1.25698  0.0  0.0  0.00017  0.000081  1.25696       0
2023-12-12 12:22:01 CandleManger() new candle:last candle: 23-12-12 10:21 is ready:True
2023-12-12 12:22:01 tech_manager: max_rows:32 candle_time:2023-12-12 10:21:00+00:00 granularity:M1 pair_name:GBP_USD
2023-12-12 12:22:01 process_candles:
       PAIR                      time    mid_c    mid_o   SL   TP   SPREAD      GAIN     LOSS  SIGNAL
26  GBP_USD 2023-12-12 10:17:00+00:00  1.25700  1.25684  0.0  0.0  0.00015  0.000015  1.25700       0
27  GBP_USD 2023-12-12 10:18:00+00:00  1.25692  1.25695  0.0  0.0  0.00018  0.000093  1.25692       0
28  GBP_USD 2023-12-12 10:19:00+00:00  1.25698  1.25692  0.0  0.0  0.00015  0.000055  1.25698       0
29  GBP_USD 2023-12-12 10:20:00+00:00  1.25696  1.25698  0.0  0.0  0.00017  0.000081  1.25696       0
30  GBP_USD 2023-12-12 10:21:00+00:00  1.25689  1.25696  0.0  0.0  0.00016  0.000140  1.25689       0
2023-12-12 12:23:06 CandleManger() new candle:last candle: 23-12-12 10:22 is ready:True
2023-12-12 12:23:07 tech_manager: max_rows:32 candle_time:2023-12-12 10:22:00+00:00 granularity:M1 pair_name:GBP_USD
2023-12-12 12:23:07 process_candles:
       PAIR                      time    mid_c    mid_o   SL   TP   SPREAD      GAIN     LOSS  SIGNAL
26  GBP_USD 2023-12-12 10:18:00+00:00  1.25692  1.25695  0.0  0.0  0.00018  0.000093  1.25692       0
27  GBP_USD 2023-12-12 10:19:00+00:00  1.25698  1.25692  0.0  0.0  0.00015  0.000055  1.25698       0
28  GBP_USD 2023-12-12 10:20:00+00:00  1.25696  1.25698  0.0  0.0  0.00017  0.000081  1.25696       0
29  GBP_USD 2023-12-12 10:21:00+00:00  1.25689  1.25696  0.0  0.0  0.00016  0.000140  1.25689       0
30  GBP_USD 2023-12-12 10:22:00+00:00  1.25679  1.25690  0.0  0.0  0.00018  0.000225  1.25679       0
2023-12-12 12:24:01 CandleManger() new candle:last candle: 23-12-12 10:23 is ready:True
2023-12-12 12:24:02 tech_manager: max_rows:32 candle_time:2023-12-12 10:23:00+00:00 granularity:M1 pair_name:GBP_USD
2023-12-12 12:24:02 process_candles:
       PAIR                      time    mid_c    mid_o   SL   TP   SPREAD      GAIN     LOSS  SIGNAL
26  GBP_USD 2023-12-12 10:19:00+00:00  1.25698  1.25692  0.0  0.0  0.00015  0.000055  1.25698       0
27  GBP_USD 2023-12-12 10:20:00+00:00  1.25696  1.25698  0.0  0.0  0.00017  0.000081  1.25696       0
28  GBP_USD 2023-12-12 10:21:00+00:00  1.25689  1.25696  0.0  0.0  0.00016  0.000140  1.25689       0
29  GBP_USD 2023-12-12 10:22:00+00:00  1.25679  1.25690  0.0  0.0  0.00018  0.000225  1.25679       0
30  GBP_USD 2023-12-12 10:23:00+00:00  1.25674  1.25678  0.0  0.0  0.00017  0.000252  1.25674       0
2023-12-12 12:25:07 CandleManger() new candle:last candle: 23-12-12 10:24 is ready:True
2023-12-12 12:25:08 tech_manager: max_rows:32 candle_time:2023-12-12 10:24:00+00:00 granularity:M1 pair_name:GBP_USD
2023-12-12 12:25:08 process_candles:
       PAIR                      time    mid_c    mid_o   SL   TP   SPREAD      GAIN     LOSS  SIGNAL
26  GBP_USD 2023-12-12 10:20:00+00:00  1.25696  1.25698  0.0  0.0  0.00017  0.000081  1.25696       0
27  GBP_USD 2023-12-12 10:21:00+00:00  1.25689  1.25696  0.0  0.0  0.00016  0.000140  1.25689       0
28  GBP_USD 2023-12-12 10:22:00+00:00  1.25679  1.25690  0.0  0.0  0.00018  0.000225  1.25679       0
29  GBP_USD 2023-12-12 10:23:00+00:00  1.25674  1.25678  0.0  0.0  0.00017  0.000252  1.25674       0
30  GBP_USD 2023-12-12 10:24:00+00:00  1.25679  1.25673  0.0  0.0  0.00016  0.000162  1.25679       0
2023-12-12 12:26:02 CandleManger() new candle:last candle: 23-12-12 10:25 is ready:True
2023-12-12 12:26:02 tech_manager: max_rows:32 candle_time:2023-12-12 10:25:00+00:00 granularity:M1 pair_name:GBP_USD
2023-12-12 12:26:03 process_candles:
       PAIR                      time    mid_c    mid_o   SL   TP   SPREAD      GAIN     LOSS  SIGNAL
26  GBP_USD 2023-12-12 10:21:00+00:00  1.25689  1.25696  0.0  0.0  0.00016  0.000140  1.25689       0
27  GBP_USD 2023-12-12 10:22:00+00:00  1.25679  1.25690  0.0  0.0  0.00018  0.000225  1.25679       0
28  GBP_USD 2023-12-12 10:23:00+00:00  1.25674  1.25678  0.0  0.0  0.00017  0.000252  1.25674       0
29  GBP_USD 2023-12-12 10:24:00+00:00  1.25679  1.25673  0.0  0.0  0.00016  0.000162  1.25679       0
30  GBP_USD 2023-12-12 10:25:00+00:00  1.25702  1.25682  0.0  0.0  0.00019  0.000100  1.25702       0
2023-12-12 12:27:08 CandleManger() new candle:last candle: 23-12-12 10:26 is ready:True
2023-12-12 12:27:08 tech_manager: max_rows:32 candle_time:2023-12-12 10:26:00+00:00 granularity:M1 pair_name:GBP_USD
2023-12-12 12:27:09 process_candles:
       PAIR                      time    mid_c    mid_o   SL   TP   SPREAD      GAIN     LOSS  SIGNAL
26  GBP_USD 2023-12-12 10:22:00+00:00  1.25679  1.25690  0.0  0.0  0.00018  0.000225  1.25679       0
27  GBP_USD 2023-12-12 10:23:00+00:00  1.25674  1.25678  0.0  0.0  0.00017  0.000252  1.25674       0
28  GBP_USD 2023-12-12 10:24:00+00:00  1.25679  1.25673  0.0  0.0  0.00016  0.000162  1.25679       0
29  GBP_USD 2023-12-12 10:25:00+00:00  1.25702  1.25682  0.0  0.0  0.00019  0.000100  1.25702       0
30  GBP_USD 2023-12-12 10:26:00+00:00  1.25720  1.25702  0.0  0.0  0.00019  0.000290  1.25720       0
2023-12-12 12:28:03 CandleManger() new candle:last candle: 23-12-12 10:27 is ready:True
2023-12-12 12:28:03 tech_manager: max_rows:32 candle_time:2023-12-12 10:27:00+00:00 granularity:M1 pair_name:GBP_USD
2023-12-12 12:28:04 process_candles:
       PAIR                      time    mid_c    mid_o   SL   TP   SPREAD      GAIN     LOSS  SIGNAL
26  GBP_USD 2023-12-12 10:23:00+00:00  1.25674  1.25678  0.0  0.0  0.00017  0.000252  1.25674       0
27  GBP_USD 2023-12-12 10:24:00+00:00  1.25679  1.25673  0.0  0.0  0.00016  0.000162  1.25679       0
28  GBP_USD 2023-12-12 10:25:00+00:00  1.25702  1.25682  0.0  0.0  0.00019  0.000100  1.25702       0
29  GBP_USD 2023-12-12 10:26:00+00:00  1.25720  1.25702  0.0  0.0  0.00019  0.000290  1.25720       0
30  GBP_USD 2023-12-12 10:27:00+00:00  1.25751  1.25719  0.0  0.0  0.00018  0.000563  1.25751       0
