2023-12-12 12:11:25 LogWrapper init() ./logs/main.log
2023-12-12 12:11:25 Bot started with Trade Settings:
{'n_ma': 12, 'n_std': 2.5, 'maxspread': 0.0004, 'mingain': 0.0014, 'riskreward': 1.5}
{'n_ma': 12, 'n_std': 2.5, 'maxspread': 0.0004, 'mingain': 0.0014, 'riskreward': 1.5}
{'n_ma': 12, 'n_std': 2.5, 'maxspread': 0.0004, 'mingain': 0.14, 'riskreward': 1.5}
{'n_ma': 12, 'n_std': 2.5, 'maxspread': 0.0004, 'mingain': 0.0014, 'riskreward': 1.5}
{'n_ma': 12, 'n_std': 2.5, 'maxspread': 0.0004, 'mingain': 0.0014, 'riskreward': 1.5}

2023-12-12 12:11:26 Bot started
2023-12-12 12:12:09 process_candles triggered:['GBP_CHF', 'EUR_CHF', 'GBP_JPY', 'GBP_USD', 'EUR_GBP']
2023-12-12 12:13:04 process_candles triggered:['GBP_CHF', 'EUR_CHF', 'GBP_JPY', 'GBP_USD', 'EUR_GBP']
2023-12-12 12:14:10 process_candles triggered:['GBP_CHF', 'EUR_CHF', 'GBP_JPY', 'GBP_USD', 'EUR_GBP']
2023-12-12 12:15:05 process_candles triggered:['GBP_CHF', 'EUR_CHF', 'GBP_JPY', 'GBP_USD', 'EUR_GBP']
2023-12-12 12:16:10 process_candles triggered:['GBP_CHF', 'EUR_CHF', 'GBP_JPY', 'GBP_USD', 'EUR_GBP']
2023-12-12 12:17:05 process_candles triggered:['GBP_CHF', 'EUR_CHF', 'GBP_JPY', 'GBP_USD', 'EUR_GBP']
2023-12-12 12:18:00 process_candles triggered:['GBP_JPY', 'EUR_GBP']
2023-12-12 12:18:11 process_candles triggered:['GBP_CHF', 'EUR_CHF', 'GBP_USD']
2023-12-12 12:19:06 process_candles triggered:['GBP_CHF', 'EUR_CHF', 'GBP_JPY', 'GBP_USD', 'EUR_GBP']
2023-12-12 12:20:00 process_candles triggered:['GBP_CHF', 'GBP_JPY']
2023-12-12 12:20:12 process_candles triggered:['EUR_CHF', 'GBP_USD', 'EUR_GBP']
2023-12-12 12:21:06 process_candles triggered:['GBP_CHF', 'EUR_CHF', 'GBP_JPY', 'GBP_USD', 'EUR_GBP']
2023-12-12 12:22:01 process_candles triggered:['GBP_CHF', 'GBP_JPY', 'GBP_USD', 'EUR_GBP']
2023-12-12 12:22:12 process_candles triggered:['EUR_CHF']
2023-12-12 12:23:07 process_candles triggered:['GBP_CHF', 'EUR_CHF', 'GBP_JPY', 'GBP_USD', 'EUR_GBP']
2023-12-12 12:24:01 process_candles triggered:['EUR_CHF', 'GBP_JPY', 'GBP_USD', 'EUR_GBP']
2023-12-12 12:24:13 process_candles triggered:['GBP_CHF']
2023-12-12 12:25:07 process_candles triggered:['GBP_CHF', 'EUR_CHF', 'GBP_JPY', 'GBP_USD', 'EUR_GBP']
2023-12-12 12:26:02 process_candles triggered:['GBP_CHF', 'GBP_JPY', 'GBP_USD']
2023-12-12 12:26:13 process_candles triggered:['EUR_CHF', 'EUR_GBP']
2023-12-12 12:27:08 process_candles triggered:['GBP_CHF', 'EUR_CHF', 'GBP_JPY', 'GBP_USD', 'EUR_GBP']
2023-12-12 12:28:03 process_candles triggered:['GBP_CHF', 'EUR_CHF', 'GBP_JPY', 'GBP_USD', 'EUR_GBP']
2023-12-12 12:29:09 process_candles triggered:['GBP_CHF', 'EUR_CHF', 'GBP_JPY', 'GBP_USD', 'EUR_GBP']
2023-12-12 12:30:03 process_candles triggered:['GBP_CHF', 'EUR_CHF', 'GBP_JPY', 'GBP_USD', 'EUR_GBP']
2023-12-12 12:31:10 process_candles triggered:['GBP_CHF', 'EUR_CHF', 'GBP_JPY', 'GBP_USD', 'EUR_GBP']
2023-12-12 12:32:05 process_candles triggered:['GBP_CHF', 'GBP_JPY', 'GBP_USD', 'EUR_GBP']
2023-12-12 12:32:16 process_candles triggered:['EUR_CHF']
2023-12-12 12:33:11 process_candles triggered:['GBP_CHF', 'EUR_CHF', 'GBP_JPY', 'GBP_USD', 'EUR_GBP']
2023-12-12 12:34:06 process_candles triggered:['GBP_CHF', 'EUR_CHF', 'GBP_JPY', 'GBP_USD', 'EUR_GBP']
2023-12-12 12:35:01 process_candles triggered:['EUR_CHF', 'GBP_JPY', 'GBP_USD']
2023-12-12 12:35:12 process_candles triggered:['GBP_CHF', 'EUR_GBP']
2023-12-12 12:36:07 process_candles triggered:['GBP_CHF', 'EUR_CHF', 'GBP_JPY', 'GBP_USD', 'EUR_GBP']
2023-12-12 12:37:02 process_candles triggered:['EUR_CHF']
2023-12-12 12:37:13 process_candles triggered:['GBP_CHF', 'GBP_JPY', 'GBP_USD', 'EUR_GBP']
2023-12-12 12:38:08 process_candles triggered:['GBP_CHF', 'EUR_CHF', 'GBP_JPY', 'GBP_USD', 'EUR_GBP']
2023-12-12 12:39:03 process_candles triggered:['GBP_CHF', 'EUR_CHF', 'GBP_JPY', 'GBP_USD', 'EUR_GBP']
2023-12-12 12:40:09 process_candles triggered:['GBP_CHF', 'EUR_CHF', 'GBP_JPY', 'GBP_USD', 'EUR_GBP']
2023-12-12 12:41:04 process_candles triggered:['GBP_CHF', 'EUR_CHF', 'GBP_USD']
2023-12-12 12:41:15 process_candles triggered:['GBP_JPY', 'EUR_GBP']
2023-12-12 12:42:10 process_candles triggered:['GBP_CHF', 'EUR_CHF', 'GBP_JPY', 'GBP_USD', 'EUR_GBP']
2023-12-12 12:43:05 process_candles triggered:['EUR_CHF', 'GBP_JPY', 'GBP_USD', 'EUR_GBP']
2023-12-12 12:43:17 process_candles triggered:['GBP_CHF']
2023-12-12 12:44:01 process_candles triggered:['EUR_CHF', 'GBP_JPY', 'GBP_USD', 'EUR_GBP']
2023-12-12 12:44:13 process_candles triggered:['GBP_CHF']
2023-12-12 12:45:07 process_candles triggered:['GBP_CHF', 'EUR_CHF', 'GBP_JPY', 'GBP_USD', 'EUR_GBP']
2023-12-12 12:46:02 process_candles triggered:['GBP_CHF', 'GBP_JPY']
2023-12-12 12:46:13 process_candles triggered:['EUR_CHF', 'GBP_USD', 'EUR_GBP']
2023-12-12 12:47:08 process_candles triggered:['GBP_CHF', 'EUR_CHF', 'GBP_JPY', 'GBP_USD', 'EUR_GBP']
2023-12-12 12:48:04 process_candles triggered:['GBP_CHF', 'EUR_CHF', 'GBP_JPY', 'GBP_USD', 'EUR_GBP']
2023-12-12 12:49:10 process_candles triggered:['GBP_CHF', 'EUR_CHF', 'GBP_JPY', 'GBP_USD', 'EUR_GBP']
2023-12-12 12:50:05 process_candles triggered:['EUR_CHF', 'GBP_JPY', 'GBP_USD', 'EUR_GBP']
2023-12-12 12:50:17 process_candles triggered:['GBP_CHF']
2023-12-12 12:51:11 process_candles triggered:['GBP_CHF', 'EUR_CHF', 'GBP_JPY', 'GBP_USD', 'EUR_GBP']
2023-12-12 12:52:06 process_candles triggered:['GBP_CHF', 'EUR_CHF', 'GBP_JPY', 'GBP_USD', 'EUR_GBP']
2023-12-12 12:53:01 process_candles triggered:['EUR_CHF', 'EUR_GBP']
2023-12-12 12:53:12 process_candles triggered:['GBP_CHF', 'GBP_JPY', 'GBP_USD']
2023-12-12 12:54:07 process_candles triggered:['GBP_CHF', 'EUR_CHF', 'GBP_JPY', 'GBP_USD', 'EUR_GBP']
2023-12-12 12:55:03 process_candles triggered:['GBP_CHF', 'EUR_CHF', 'GBP_JPY', 'GBP_USD', 'EUR_GBP']
